{"/home/galiprandi/Documentos/js-modules/arrayShuffle.js": {"path":"/home/galiprandi/Documentos/js-modules/arrayShuffle.js","statementMap":{"0":{"start":{"line":11,"column":0},"end":{"line":25,"column":1}},"1":{"start":{"line":12,"column":2},"end":{"line":24,"column":3}},"2":{"start":{"line":13,"column":16},"end":{"line":13,"column":25}},"3":{"start":{"line":14,"column":12},"end":{"line":14,"column":22}},"4":{"start":{"line":16,"column":4},"end":{"line":19,"column":5}},"5":{"start":{"line":17,"column":6},"end":{"line":18,"column":7}},"6":{"start":{"line":18,"column":7},"end":{"line":18,"column":42}},"7":{"start":{"line":20,"column":4},"end":{"line":20,"column":14}},"8":{"start":{"line":22,"column":4},"end":{"line":22,"column":24}},"9":{"start":{"line":23,"column":4},"end":{"line":23,"column":13}}},"fnMap":{"0":{"name":"(anonymous_0)","decl":{"start":{"line":11,"column":26},"end":{"line":11,"column":27}},"loc":{"start":{"line":11,"column":38},"end":{"line":25,"column":1}},"line":11}},"branchMap":{},"s":{"0":1,"1":1,"2":1,"3":1,"4":1,"5":10,"6":10,"7":1,"8":0,"9":0},"f":{"0":1},"b":{},"_coverageSchema":"1a1c01bbd47fc00a2c39e90264f33305004495a9","hash":"ae91d9b29615a501e1afa5846762514e59b320da"}
,"/home/galiprandi/Documentos/js-modules/stringCapitalize.js": {"path":"/home/galiprandi/Documentos/js-modules/stringCapitalize.js","statementMap":{"0":{"start":{"line":10,"column":0},"end":{"line":19,"column":1}},"1":{"start":{"line":11,"column":2},"end":{"line":18,"column":3}},"2":{"start":{"line":12,"column":4},"end":{"line":15,"column":16}},"3":{"start":{"line":14,"column":19},"end":{"line":14,"column":60}},"4":{"start":{"line":17,"column":4},"end":{"line":17,"column":24}}},"fnMap":{"0":{"name":"(anonymous_0)","decl":{"start":{"line":10,"column":32},"end":{"line":10,"column":33}},"loc":{"start":{"line":10,"column":44},"end":{"line":19,"column":1}},"line":10},"1":{"name":"(anonymous_1)","decl":{"start":{"line":14,"column":11},"end":{"line":14,"column":12}},"loc":{"start":{"line":14,"column":19},"end":{"line":14,"column":60}},"line":14}},"branchMap":{},"s":{"0":1,"1":1,"2":1,"3":4,"4":0},"f":{"0":1,"1":4},"b":{},"_coverageSchema":"1a1c01bbd47fc00a2c39e90264f33305004495a9","hash":"33944974955a3dfdb2fdc6f852a32b67b387aac1"}
,"/home/galiprandi/Documentos/js-modules/toLongDate.js": {"path":"/home/galiprandi/Documentos/js-modules/toLongDate.js","statementMap":{"0":{"start":{"line":5,"column":0},"end":{"line":20,"column":1}},"1":{"start":{"line":6,"column":2},"end":{"line":19,"column":3}},"2":{"start":{"line":7,"column":18},"end":{"line":12,"column":5}},"3":{"start":{"line":13,"column":29},"end":{"line":13,"column":46}},"4":{"start":{"line":14,"column":15},"end":{"line":14,"column":67}},"5":{"start":{"line":15,"column":4},"end":{"line":16,"column":57}},"6":{"start":{"line":15,"column":34},"end":{"line":15,"column":47}},"7":{"start":{"line":16,"column":9},"end":{"line":16,"column":57}},"8":{"start":{"line":18,"column":4},"end":{"line":18,"column":17}}},"fnMap":{"0":{"name":"toLongDate","decl":{"start":{"line":5,"column":26},"end":{"line":5,"column":36}},"loc":{"start":{"line":5,"column":45},"end":{"line":20,"column":1}},"line":5}},"branchMap":{"0":{"loc":{"start":{"line":15,"column":4},"end":{"line":16,"column":57}},"type":"if","locations":[{"start":{"line":15,"column":4},"end":{"line":16,"column":57}},{"start":{"line":15,"column":4},"end":{"line":16,"column":57}}],"line":15}},"s":{"0":1,"1":2,"2":2,"3":2,"4":2,"5":2,"6":1,"7":1,"8":0},"f":{"0":2},"b":{"0":[1,1]},"_coverageSchema":"1a1c01bbd47fc00a2c39e90264f33305004495a9","hash":"2dc55a2bc8bec6c9ad82981df6b81662ab278e58"}
}
