TN:
SF:arrayShuffle.js
FN:11,(anonymous_0)
FNF:1
FNH:1
FNDA:1,(anonymous_0)
DA:11,1
DA:12,1
DA:13,1
DA:14,1
DA:16,1
DA:17,10
DA:18,10
DA:20,1
DA:22,0
DA:23,0
LF:10
LH:8
BRF:0
BRH:0
end_of_record
TN:
SF:stringCapitalize.js
FN:10,(anonymous_0)
FN:14,(anonymous_1)
FNF:2
FNH:2
FNDA:1,(anonymous_0)
FNDA:4,(anonymous_1)
DA:10,1
DA:11,1
DA:12,1
DA:14,4
DA:17,0
LF:5
LH:4
BRF:0
BRH:0
end_of_record
TN:
SF:toLongDate.js
FN:5,toLongDate
FNF:1
FNH:1
FNDA:2,toLongDate
DA:5,1
DA:6,2
DA:7,2
DA:13,2
DA:14,2
DA:15,2
DA:16,1
DA:18,0
LF:8
LH:7
BRDA:15,0,0,1
BRDA:15,0,1,1
BRF:2
BRH:2
end_of_record
